<?xml version="1.0" encoding="UTF-8"?>
<testng-results skipped="0" failed="0" ignored="0" total="1" passed="1">
  <reporter-output>
  </reporter-output>
  <suite name="Default suite" duration-ms="30120" started-at="2019-12-03T13:07:24 IST" finished-at="2019-12-03T13:07:54 IST">
    <groups>
    </groups>
    <test name="Default test" duration-ms="30120" started-at="2019-12-03T13:07:24 IST" finished-at="2019-12-03T13:07:54 IST">
      <class name="demo.Test1">
        <test-method status="PASS" signature="setUp()[pri:0, instance:demo.Test1@3bd94634]" name="setUp" is-config="true" duration-ms="14313" started-at="2019-12-03T13:07:24 IST" finished-at="2019-12-03T13:07:38 IST">
          <reporter-output>
          </reporter-output>
        </test-method> <!-- setUp -->
        <test-method status="PASS" signature="test1()[pri:0, instance:demo.Test1@3bd94634]" name="test1" duration-ms="13131" started-at="2019-12-03T13:07:39 IST" finished-at="2019-12-03T13:07:52 IST">
          <reporter-output>
          </reporter-output>
        </test-method> <!-- test1 -->
        <test-method status="PASS" signature="tearDown()[pri:0, instance:demo.Test1@3bd94634]" name="tearDown" is-config="true" duration-ms="2563" started-at="2019-12-03T13:07:52 IST" finished-at="2019-12-03T13:07:54 IST">
          <reporter-output>
          </reporter-output>
        </test-method> <!-- tearDown -->
      </class> <!-- demo.Test1 -->
    </test> <!-- Default test -->
  </suite> <!-- Default suite -->
</testng-results>
